{"contracts/Coffee.sol":{"l":{"36":0,"43":0,"52":1,"53":1,"55":1,"60":1,"62":1,"63":1,"65":1},"path":"/Users/dev/art/buy-me-coffee/contracts/Coffee.sol","s":{"1":0,"2":0,"3":1,"4":1,"5":1,"6":1,"7":1,"8":1,"9":1},"b":{"1":[1,0],"2":[1,0]},"f":{"1":3,"2":0,"3":0,"4":1},"fnMap":{"1":{"name":"constructor","line":16,"loc":{"start":{"line":16,"column":4},"end":{"line":16,"column":19}}},"2":{"name":"getAllCoffee","line":35,"loc":{"start":{"line":35,"column":4},"end":{"line":37,"column":4}}},"3":{"name":"getTotalCoffee","line":40,"loc":{"start":{"line":40,"column":4},"end":{"line":44,"column":4}}},"4":{"name":"buy","line":51,"loc":{"start":{"line":51,"column":4},"end":{"line":66,"column":4}}}},"statementMap":{"1":{"start":{"line":36,"column":8},"end":{"line":36,"column":21}},"2":{"start":{"line":43,"column":8},"end":{"line":43,"column":26}},"3":{"start":{"line":52,"column":8},"end":{"line":52,"column":34}},"4":{"start":{"line":53,"column":8},"end":{"line":53,"column":64}},"5":{"start":{"line":55,"column":8},"end":{"line":55,"column":23}},"6":{"start":{"line":60,"column":8},"end":{"line":60,"column":72}},"7":{"start":{"line":62,"column":8},"end":{"line":62,"column":68}},"8":{"start":{"line":63,"column":8},"end":{"line":63,"column":47}},"9":{"start":{"line":65,"column":8},"end":{"line":65,"column":68}}},"branchMap":{"1":{"line":53,"type":"if","locations":[{"start":{"line":53,"column":8},"end":{"line":53,"column":8}},{"start":{"line":53,"column":8},"end":{"line":53,"column":8}}]},"2":{"line":63,"type":"if","locations":[{"start":{"line":63,"column":8},"end":{"line":63,"column":8}},{"start":{"line":63,"column":8},"end":{"line":63,"column":8}}]}}},"contracts/Joe.sol":{"l":{"12":1,"13":1,"14":1,"18":2,"19":1,"22":1},"path":"/Users/dev/art/buy-me-coffee/contracts/Joe.sol","s":{"1":1,"2":1,"3":1,"4":2,"5":1,"6":1},"b":{"1":[1,0],"2":[1,1],"3":[1,0]},"f":{"1":3,"2":1,"3":2},"fnMap":{"1":{"name":"constructor","line":9,"loc":{"start":{"line":9,"column":4},"end":{"line":9,"column":19}}},"2":{"name":"buy","line":11,"loc":{"start":{"line":11,"column":4},"end":{"line":15,"column":4}}},"3":{"name":"release","line":17,"loc":{"start":{"line":17,"column":4},"end":{"line":23,"column":4}}}},"statementMap":{"1":{"start":{"line":12,"column":8},"end":{"line":12,"column":34}},"2":{"start":{"line":13,"column":8},"end":{"line":13,"column":37}},"3":{"start":{"line":14,"column":8},"end":{"line":14,"column":57}},"4":{"start":{"line":18,"column":8},"end":{"line":18,"column":52}},"5":{"start":{"line":19,"column":8},"end":{"line":19,"column":524}},"6":{"start":{"line":22,"column":8},"end":{"line":22,"column":23}}},"branchMap":{"1":{"line":13,"type":"if","locations":[{"start":{"line":13,"column":8},"end":{"line":13,"column":8}},{"start":{"line":13,"column":8},"end":{"line":13,"column":8}}]},"2":{"line":18,"type":"if","locations":[{"start":{"line":18,"column":8},"end":{"line":18,"column":8}},{"start":{"line":18,"column":8},"end":{"line":18,"column":8}}]},"3":{"line":22,"type":"if","locations":[{"start":{"line":22,"column":8},"end":{"line":22,"column":8}},{"start":{"line":22,"column":8},"end":{"line":22,"column":8}}]}}}}